<?xml version="1.0" encoding="UTF-8"?>
<!-- Generated by org.testng.reporters.JUnitXMLReporter -->
<testsuite hostname="Swapnil" ignored="0" name="Yaho App Test" tests="1" failures="1" timestamp="28 Mar 2020 18:40:05 GMT" time="0.124" errors="0">
  <testcase name="yahooLoginTest" time="0.0" classname="com.parameters.ParameterTest">
    <failure type="org.testng.TestNGException" message="
Method yahooLoginTest requires 3 parameters but 4 were supplied in the @Test annotation.">
      <![CDATA[org.testng.TestNGException: 
Method yahooLoginTest requires 3 parameters but 4 were supplied in the @Test annotation.
... Removed 24 stack frames]]>
    </failure>
  </testcase> <!-- yahooLoginTest -->
</testsuite> <!-- Yaho App Test -->
